[2025-02-15 15:15:02,385][flwr][WARNING] - 
Setting `min_available_clients` lower than `min_fit_clients` or
`min_evaluate_clients` can cause the server to fail when there are too few clients
connected to the server. `min_available_clients` must be set to a value larger
than or equal to the values of `min_fit_clients` and `min_evaluate_clients`.

[2025-02-15 15:15:02,386][flwr][INFO] - Starting Flower simulation, config: num_rounds=5, no round_timeout
[2025-02-15 15:15:06,474][flwr][INFO] - Flower VCE: Ray initialized with resources: {'object_store_memory': 8900243865.0, 'memory': 17800487732.0, 'node:__internal_head__': 1.0, 'CPU': 16.0, 'accelerator_type:M4000': 1.0, 'node:10.40.177.142': 1.0, 'GPU': 1.0}
[2025-02-15 15:15:06,474][flwr][INFO] - Optimize your simulation with Flower VCE: https://flower.ai/docs/framework/how-to-run-simulations.html
[2025-02-15 15:15:06,474][flwr][INFO] - Flower VCE: Resources for each Virtual Client: {'num_cpus': 2, 'num_gpus': 0.5}
[2025-02-15 15:15:06,489][flwr][INFO] - Flower VCE: Creating VirtualClientEngineActorPool with 2 actors
[2025-02-15 15:15:06,490][flwr][INFO] - [INIT]
[2025-02-15 15:15:06,490][flwr][INFO] - Requesting initial parameters from one random client
[2025-02-15 15:15:11,680][flwr][INFO] - Received initial parameters from one random client
[2025-02-15 15:15:11,681][flwr][INFO] - Starting evaluation of initial global parameters
[2025-02-15 15:15:12,070][flwr][INFO] - initial parameters (loss, other metrics): 1.421808660030365, {'accuracy': 0.4358974358974359}
[2025-02-15 15:15:12,070][flwr][INFO] - 
[2025-02-15 15:15:12,070][flwr][INFO] - [ROUND 1]
[2025-02-15 15:15:12,071][flwr][INFO] - Sampling failed: number of available clients (5) is less than number of requested clients (10).
[2025-02-15 15:15:12,071][flwr][INFO] - configure_fit: no clients selected, cancel
[2025-02-15 15:15:12,078][flwr][INFO] - fit progress: (1, 1.421808660030365, {'accuracy': 0.4358974358974359}, 0.007690396003454225)
[2025-02-15 15:15:12,078][flwr][INFO] - Sampling failed: number of available clients (5) is less than number of requested clients (25).
[2025-02-15 15:15:12,078][flwr][INFO] - configure_evaluate: no clients selected, skipping evaluation
[2025-02-15 15:15:12,078][flwr][INFO] - 
[2025-02-15 15:15:12,078][flwr][INFO] - [ROUND 2]
[2025-02-15 15:15:12,079][flwr][INFO] - Sampling failed: number of available clients (5) is less than number of requested clients (10).
[2025-02-15 15:15:12,079][flwr][INFO] - configure_fit: no clients selected, cancel
[2025-02-15 15:15:12,085][flwr][INFO] - fit progress: (2, 1.421808660030365, {'accuracy': 0.4358974358974359}, 0.014476641001238022)
[2025-02-15 15:15:12,085][flwr][INFO] - Sampling failed: number of available clients (5) is less than number of requested clients (25).
[2025-02-15 15:15:12,085][flwr][INFO] - configure_evaluate: no clients selected, skipping evaluation
[2025-02-15 15:15:12,085][flwr][INFO] - 
[2025-02-15 15:15:12,085][flwr][INFO] - [ROUND 3]
[2025-02-15 15:15:12,085][flwr][INFO] - Sampling failed: number of available clients (5) is less than number of requested clients (10).
[2025-02-15 15:15:12,085][flwr][INFO] - configure_fit: no clients selected, cancel
[2025-02-15 15:15:12,092][flwr][INFO] - fit progress: (3, 1.421808660030365, {'accuracy': 0.4358974358974359}, 0.021499354003026383)
[2025-02-15 15:15:12,092][flwr][INFO] - Sampling failed: number of available clients (5) is less than number of requested clients (25).
[2025-02-15 15:15:12,092][flwr][INFO] - configure_evaluate: no clients selected, skipping evaluation
[2025-02-15 15:15:12,092][flwr][INFO] - 
[2025-02-15 15:15:12,092][flwr][INFO] - [ROUND 4]
[2025-02-15 15:15:12,092][flwr][INFO] - Sampling failed: number of available clients (5) is less than number of requested clients (10).
[2025-02-15 15:15:12,092][flwr][INFO] - configure_fit: no clients selected, cancel
[2025-02-15 15:15:12,097][flwr][INFO] - fit progress: (4, 1.421808660030365, {'accuracy': 0.4358974358974359}, 0.02737685900137876)
[2025-02-15 15:15:12,098][flwr][INFO] - Sampling failed: number of available clients (5) is less than number of requested clients (25).
[2025-02-15 15:15:12,098][flwr][INFO] - configure_evaluate: no clients selected, skipping evaluation
[2025-02-15 15:15:12,098][flwr][INFO] - 
[2025-02-15 15:15:12,098][flwr][INFO] - [ROUND 5]
[2025-02-15 15:15:12,098][flwr][INFO] - Sampling failed: number of available clients (5) is less than number of requested clients (10).
[2025-02-15 15:15:12,098][flwr][INFO] - configure_fit: no clients selected, cancel
[2025-02-15 15:15:12,103][flwr][INFO] - fit progress: (5, 1.421808660030365, {'accuracy': 0.4358974358974359}, 0.03335279100065236)
[2025-02-15 15:15:12,104][flwr][INFO] - Sampling failed: number of available clients (5) is less than number of requested clients (25).
[2025-02-15 15:15:12,104][flwr][INFO] - configure_evaluate: no clients selected, skipping evaluation
[2025-02-15 15:15:12,104][flwr][INFO] - 
[2025-02-15 15:15:12,104][flwr][INFO] - [SUMMARY]
[2025-02-15 15:15:12,104][flwr][INFO] - Run finished 5 round(s) in 0.03s
[2025-02-15 15:15:12,104][flwr][INFO] - 	History (loss, centralized):
[2025-02-15 15:15:12,104][flwr][INFO] - 		round 0: 1.421808660030365
[2025-02-15 15:15:12,104][flwr][INFO] - 		round 1: 1.421808660030365
[2025-02-15 15:15:12,105][flwr][INFO] - 		round 2: 1.421808660030365
[2025-02-15 15:15:12,105][flwr][INFO] - 		round 3: 1.421808660030365
[2025-02-15 15:15:12,105][flwr][INFO] - 		round 4: 1.421808660030365
[2025-02-15 15:15:12,105][flwr][INFO] - 		round 5: 1.421808660030365
[2025-02-15 15:15:12,105][flwr][INFO] - 	History (metrics, centralized):
[2025-02-15 15:15:12,105][flwr][INFO] - 	{'accuracy': [(0, 0.4358974358974359),
[2025-02-15 15:15:12,105][flwr][INFO] - 	              (1, 0.4358974358974359),
[2025-02-15 15:15:12,105][flwr][INFO] - 	              (2, 0.4358974358974359),
[2025-02-15 15:15:12,105][flwr][INFO] - 	              (3, 0.4358974358974359),
[2025-02-15 15:15:12,105][flwr][INFO] - 	              (4, 0.4358974358974359),
[2025-02-15 15:15:12,106][flwr][INFO] - 	              (5, 0.4358974358974359)]}
[2025-02-15 15:15:12,106][flwr][INFO] - 
