[2025-02-15 15:18:28,597][flwr][WARNING] - 
Setting `min_available_clients` lower than `min_fit_clients` or
`min_evaluate_clients` can cause the server to fail when there are too few clients
connected to the server. `min_available_clients` must be set to a value larger
than or equal to the values of `min_fit_clients` and `min_evaluate_clients`.

[2025-02-15 15:18:28,598][flwr][INFO] - Starting Flower simulation, config: num_rounds=5, no round_timeout
[2025-02-15 15:18:32,635][flwr][INFO] - Flower VCE: Ray initialized with resources: {'accelerator_type:M4000': 1.0, 'GPU': 1.0, 'node:10.40.177.142': 1.0, 'object_store_memory': 8850977587.0, 'memory': 17701955175.0, 'node:__internal_head__': 1.0, 'CPU': 16.0}
[2025-02-15 15:18:32,635][flwr][INFO] - Optimize your simulation with Flower VCE: https://flower.ai/docs/framework/how-to-run-simulations.html
[2025-02-15 15:18:32,635][flwr][INFO] - Flower VCE: Resources for each Virtual Client: {'num_cpus': 2, 'num_gpus': 0.5}
[2025-02-15 15:18:32,650][flwr][INFO] - Flower VCE: Creating VirtualClientEngineActorPool with 2 actors
[2025-02-15 15:18:32,650][flwr][INFO] - [INIT]
[2025-02-15 15:18:32,650][flwr][INFO] - Requesting initial parameters from one random client
[2025-02-15 15:18:37,671][flwr][INFO] - Received initial parameters from one random client
[2025-02-15 15:18:37,671][flwr][INFO] - Starting evaluation of initial global parameters
[2025-02-15 15:18:38,034][flwr][INFO] - initial parameters (loss, other metrics): 4.440840780735016, {'accuracy': 0.7305699481865285}
[2025-02-15 15:18:38,034][flwr][INFO] - 
[2025-02-15 15:18:38,034][flwr][INFO] - [ROUND 1]
[2025-02-15 15:18:38,035][flwr][INFO] - Sampling failed: number of available clients (5) is less than number of requested clients (10).
[2025-02-15 15:18:38,035][flwr][INFO] - configure_fit: no clients selected, cancel
[2025-02-15 15:18:38,046][flwr][INFO] - fit progress: (1, 4.440840780735016, {'accuracy': 0.7305699481865285}, 0.011565208998945309)
[2025-02-15 15:18:38,046][flwr][INFO] - Sampling failed: number of available clients (5) is less than number of requested clients (25).
[2025-02-15 15:18:38,046][flwr][INFO] - configure_evaluate: no clients selected, skipping evaluation
[2025-02-15 15:18:38,046][flwr][INFO] - 
[2025-02-15 15:18:38,046][flwr][INFO] - [ROUND 2]
[2025-02-15 15:18:38,047][flwr][INFO] - Sampling failed: number of available clients (5) is less than number of requested clients (10).
[2025-02-15 15:18:38,047][flwr][INFO] - configure_fit: no clients selected, cancel
[2025-02-15 15:18:38,057][flwr][INFO] - fit progress: (2, 4.440840780735016, {'accuracy': 0.7305699481865285}, 0.023113200997613603)
[2025-02-15 15:18:38,058][flwr][INFO] - Sampling failed: number of available clients (5) is less than number of requested clients (25).
[2025-02-15 15:18:38,058][flwr][INFO] - configure_evaluate: no clients selected, skipping evaluation
[2025-02-15 15:18:38,058][flwr][INFO] - 
[2025-02-15 15:18:38,058][flwr][INFO] - [ROUND 3]
[2025-02-15 15:18:38,058][flwr][INFO] - Sampling failed: number of available clients (5) is less than number of requested clients (10).
[2025-02-15 15:18:38,058][flwr][INFO] - configure_fit: no clients selected, cancel
[2025-02-15 15:18:38,071][flwr][INFO] - fit progress: (3, 4.440840780735016, {'accuracy': 0.7305699481865285}, 0.036951609999960056)
[2025-02-15 15:18:38,072][flwr][INFO] - Sampling failed: number of available clients (5) is less than number of requested clients (25).
[2025-02-15 15:18:38,072][flwr][INFO] - configure_evaluate: no clients selected, skipping evaluation
[2025-02-15 15:18:38,072][flwr][INFO] - 
[2025-02-15 15:18:38,072][flwr][INFO] - [ROUND 4]
[2025-02-15 15:18:38,072][flwr][INFO] - Sampling failed: number of available clients (5) is less than number of requested clients (10).
[2025-02-15 15:18:38,072][flwr][INFO] - configure_fit: no clients selected, cancel
[2025-02-15 15:18:38,083][flwr][INFO] - fit progress: (4, 4.440840780735016, {'accuracy': 0.7305699481865285}, 0.04904569199788966)
[2025-02-15 15:18:38,084][flwr][INFO] - Sampling failed: number of available clients (5) is less than number of requested clients (25).
[2025-02-15 15:18:38,084][flwr][INFO] - configure_evaluate: no clients selected, skipping evaluation
[2025-02-15 15:18:38,084][flwr][INFO] - 
[2025-02-15 15:18:38,084][flwr][INFO] - [ROUND 5]
[2025-02-15 15:18:38,084][flwr][INFO] - Sampling failed: number of available clients (5) is less than number of requested clients (10).
[2025-02-15 15:18:38,084][flwr][INFO] - configure_fit: no clients selected, cancel
[2025-02-15 15:18:38,096][flwr][INFO] - fit progress: (5, 4.440840780735016, {'accuracy': 0.7305699481865285}, 0.06134033099806402)
[2025-02-15 15:18:38,096][flwr][INFO] - Sampling failed: number of available clients (5) is less than number of requested clients (25).
[2025-02-15 15:18:38,096][flwr][INFO] - configure_evaluate: no clients selected, skipping evaluation
[2025-02-15 15:18:38,096][flwr][INFO] - 
[2025-02-15 15:18:38,096][flwr][INFO] - [SUMMARY]
[2025-02-15 15:18:38,096][flwr][INFO] - Run finished 5 round(s) in 0.06s
[2025-02-15 15:18:38,097][flwr][INFO] - 	History (loss, centralized):
[2025-02-15 15:18:38,097][flwr][INFO] - 		round 0: 4.440840780735016
[2025-02-15 15:18:38,097][flwr][INFO] - 		round 1: 4.440840780735016
[2025-02-15 15:18:38,097][flwr][INFO] - 		round 2: 4.440840780735016
[2025-02-15 15:18:38,097][flwr][INFO] - 		round 3: 4.440840780735016
[2025-02-15 15:18:38,097][flwr][INFO] - 		round 4: 4.440840780735016
[2025-02-15 15:18:38,097][flwr][INFO] - 		round 5: 4.440840780735016
[2025-02-15 15:18:38,097][flwr][INFO] - 	History (metrics, centralized):
[2025-02-15 15:18:38,097][flwr][INFO] - 	{'accuracy': [(0, 0.7305699481865285),
[2025-02-15 15:18:38,097][flwr][INFO] - 	              (1, 0.7305699481865285),
[2025-02-15 15:18:38,098][flwr][INFO] - 	              (2, 0.7305699481865285),
[2025-02-15 15:18:38,098][flwr][INFO] - 	              (3, 0.7305699481865285),
[2025-02-15 15:18:38,098][flwr][INFO] - 	              (4, 0.7305699481865285),
[2025-02-15 15:18:38,098][flwr][INFO] - 	              (5, 0.7305699481865285)]}
[2025-02-15 15:18:38,098][flwr][INFO] - 
