[2025-02-06 15:37:42,509][flwr][WARNING] - 
Setting `min_available_clients` lower than `min_fit_clients` or
`min_evaluate_clients` can cause the server to fail when there are too few clients
connected to the server. `min_available_clients` must be set to a value larger
than or equal to the values of `min_fit_clients` and `min_evaluate_clients`.

[2025-02-06 15:37:42,511][flwr][INFO] - Starting Flower simulation, config: num_rounds=5, no round_timeout
[2025-02-06 15:37:45,531][flwr][INFO] - Flower VCE: Ray initialized with resources: {'object_store_memory': 8627476070.0, 'GPU': 1.0, 'node:10.40.177.142': 1.0, 'accelerator_type:M4000': 1.0, 'node:__internal_head__': 1.0, 'CPU': 16.0, 'memory': 17254952142.0}
[2025-02-06 15:37:45,532][flwr][INFO] - Optimize your simulation with Flower VCE: https://flower.ai/docs/framework/how-to-run-simulations.html
[2025-02-06 15:37:45,532][flwr][INFO] - Flower VCE: Resources for each Virtual Client: {'num_cpus': 2, 'num_gpus': 0.5}
[2025-02-06 15:37:45,548][flwr][INFO] - Flower VCE: Creating VirtualClientEngineActorPool with 2 actors
[2025-02-06 15:37:45,549][flwr][INFO] - [INIT]
[2025-02-06 15:37:45,549][flwr][INFO] - Requesting initial parameters from one random client
[2025-02-06 15:37:50,661][flwr][INFO] - Received initial parameters from one random client
[2025-02-06 15:37:50,661][flwr][INFO] - Starting evaluation of initial global parameters
[2025-02-06 15:37:51,093][flwr][INFO] - initial parameters (loss, other metrics): 1.5600951313972473, {'accuracy': 0.3333333333333333}
[2025-02-06 15:37:51,093][flwr][INFO] - 
[2025-02-06 15:37:51,094][flwr][INFO] - [ROUND 1]
[2025-02-06 15:37:51,094][flwr][INFO] - Sampling failed: number of available clients (5) is less than number of requested clients (10).
[2025-02-06 15:37:51,094][flwr][INFO] - configure_fit: no clients selected, cancel
[2025-02-06 15:37:51,099][flwr][INFO] - fit progress: (1, 1.5600951313972473, {'accuracy': 0.3333333333333333}, 0.005494770000950666)
[2025-02-06 15:37:51,099][flwr][INFO] - Sampling failed: number of available clients (5) is less than number of requested clients (25).
[2025-02-06 15:37:51,099][flwr][INFO] - configure_evaluate: no clients selected, skipping evaluation
[2025-02-06 15:37:51,099][flwr][INFO] - 
[2025-02-06 15:37:51,099][flwr][INFO] - [ROUND 2]
[2025-02-06 15:37:51,100][flwr][INFO] - Sampling failed: number of available clients (5) is less than number of requested clients (10).
[2025-02-06 15:37:51,100][flwr][INFO] - configure_fit: no clients selected, cancel
[2025-02-06 15:37:51,105][flwr][INFO] - fit progress: (2, 1.5600951313972473, {'accuracy': 0.3333333333333333}, 0.011100482002802892)
[2025-02-06 15:37:51,105][flwr][INFO] - Sampling failed: number of available clients (5) is less than number of requested clients (25).
[2025-02-06 15:37:51,105][flwr][INFO] - configure_evaluate: no clients selected, skipping evaluation
[2025-02-06 15:37:51,105][flwr][INFO] - 
[2025-02-06 15:37:51,105][flwr][INFO] - [ROUND 3]
[2025-02-06 15:37:51,105][flwr][INFO] - Sampling failed: number of available clients (5) is less than number of requested clients (10).
[2025-02-06 15:37:51,105][flwr][INFO] - configure_fit: no clients selected, cancel
[2025-02-06 15:37:51,110][flwr][INFO] - fit progress: (3, 1.5600951313972473, {'accuracy': 0.3333333333333333}, 0.016595264001807664)
[2025-02-06 15:37:51,110][flwr][INFO] - Sampling failed: number of available clients (5) is less than number of requested clients (25).
[2025-02-06 15:37:51,110][flwr][INFO] - configure_evaluate: no clients selected, skipping evaluation
[2025-02-06 15:37:51,111][flwr][INFO] - 
[2025-02-06 15:37:51,111][flwr][INFO] - [ROUND 4]
[2025-02-06 15:37:51,111][flwr][INFO] - Sampling failed: number of available clients (5) is less than number of requested clients (10).
[2025-02-06 15:37:51,111][flwr][INFO] - configure_fit: no clients selected, cancel
[2025-02-06 15:37:51,116][flwr][INFO] - fit progress: (4, 1.5600951313972473, {'accuracy': 0.3333333333333333}, 0.0227823540008103)
[2025-02-06 15:37:51,117][flwr][INFO] - Sampling failed: number of available clients (5) is less than number of requested clients (25).
[2025-02-06 15:37:51,117][flwr][INFO] - configure_evaluate: no clients selected, skipping evaluation
[2025-02-06 15:37:51,117][flwr][INFO] - 
[2025-02-06 15:37:51,117][flwr][INFO] - [ROUND 5]
[2025-02-06 15:37:51,117][flwr][INFO] - Sampling failed: number of available clients (5) is less than number of requested clients (10).
[2025-02-06 15:37:51,118][flwr][INFO] - configure_fit: no clients selected, cancel
[2025-02-06 15:37:51,123][flwr][INFO] - fit progress: (5, 1.5600951313972473, {'accuracy': 0.3333333333333333}, 0.029698911002924433)
[2025-02-06 15:37:51,123][flwr][INFO] - Sampling failed: number of available clients (5) is less than number of requested clients (25).
[2025-02-06 15:37:51,123][flwr][INFO] - configure_evaluate: no clients selected, skipping evaluation
[2025-02-06 15:37:51,124][flwr][INFO] - 
[2025-02-06 15:37:51,124][flwr][INFO] - [SUMMARY]
[2025-02-06 15:37:51,124][flwr][INFO] - Run finished 5 round(s) in 0.03s
[2025-02-06 15:37:51,124][flwr][INFO] - 	History (loss, centralized):
[2025-02-06 15:37:51,124][flwr][INFO] - 		round 0: 1.5600951313972473
[2025-02-06 15:37:51,124][flwr][INFO] - 		round 1: 1.5600951313972473
[2025-02-06 15:37:51,124][flwr][INFO] - 		round 2: 1.5600951313972473
[2025-02-06 15:37:51,125][flwr][INFO] - 		round 3: 1.5600951313972473
[2025-02-06 15:37:51,125][flwr][INFO] - 		round 4: 1.5600951313972473
[2025-02-06 15:37:51,125][flwr][INFO] - 		round 5: 1.5600951313972473
[2025-02-06 15:37:51,125][flwr][INFO] - 	History (metrics, centralized):
[2025-02-06 15:37:51,125][flwr][INFO] - 	{'accuracy': [(0, 0.3333333333333333),
[2025-02-06 15:37:51,125][flwr][INFO] - 	              (1, 0.3333333333333333),
[2025-02-06 15:37:51,125][flwr][INFO] - 	              (2, 0.3333333333333333),
[2025-02-06 15:37:51,125][flwr][INFO] - 	              (3, 0.3333333333333333),
[2025-02-06 15:37:51,125][flwr][INFO] - 	              (4, 0.3333333333333333),
[2025-02-06 15:37:51,126][flwr][INFO] - 	              (5, 0.3333333333333333)]}
[2025-02-06 15:37:51,126][flwr][INFO] - 
