[2025-02-15 16:12:59,765][flwr][WARNING] - 
Setting `min_available_clients` lower than `min_fit_clients` or
`min_evaluate_clients` can cause the server to fail when there are too few clients
connected to the server. `min_available_clients` must be set to a value larger
than or equal to the values of `min_fit_clients` and `min_evaluate_clients`.

[2025-02-15 16:12:59,766][flwr][INFO] - Starting Flower simulation, config: num_rounds=5, no round_timeout
[2025-02-15 16:13:02,814][flwr][INFO] - Flower VCE: Ray initialized with resources: {'CPU': 16.0, 'node:__internal_head__': 1.0, 'object_store_memory': 8744816640.0, 'accelerator_type:M4000': 1.0, 'GPU': 1.0, 'node:10.40.177.142': 1.0, 'memory': 17489633280.0}
[2025-02-15 16:13:02,815][flwr][INFO] - Optimize your simulation with Flower VCE: https://flower.ai/docs/framework/how-to-run-simulations.html
[2025-02-15 16:13:02,815][flwr][INFO] - Flower VCE: Resources for each Virtual Client: {'num_cpus': 2, 'num_gpus': 0.5}
[2025-02-15 16:13:02,830][flwr][INFO] - Flower VCE: Creating VirtualClientEngineActorPool with 2 actors
[2025-02-15 16:13:02,830][flwr][INFO] - [INIT]
[2025-02-15 16:13:02,830][flwr][INFO] - Requesting initial parameters from one random client
[2025-02-15 16:13:08,289][flwr][INFO] - Received initial parameters from one random client
[2025-02-15 16:13:08,289][flwr][INFO] - Starting evaluation of initial global parameters
[2025-02-15 16:13:08,643][flwr][INFO] - initial parameters (loss, other metrics): 4.938721239566803, {'accuracy': 0.38860103626943004, 'f1_score': 0.39803498802161674, 'recall': 0.38860103626943004, 'precision': 0.5760470502497611}
[2025-02-15 16:13:08,644][flwr][INFO] - 
[2025-02-15 16:13:08,644][flwr][INFO] - [ROUND 1]
[2025-02-15 16:13:08,644][flwr][INFO] - Sampling failed: number of available clients (5) is less than number of requested clients (10).
[2025-02-15 16:13:08,645][flwr][INFO] - configure_fit: no clients selected, cancel
[2025-02-15 16:13:08,662][flwr][INFO] - fit progress: (1, 4.938721239566803, {'accuracy': 0.38860103626943004, 'f1_score': 0.39803498802161674, 'recall': 0.38860103626943004, 'precision': 0.5760470502497611}, 0.018810629000654444)
[2025-02-15 16:13:08,663][flwr][INFO] - Sampling failed: number of available clients (5) is less than number of requested clients (25).
[2025-02-15 16:13:08,663][flwr][INFO] - configure_evaluate: no clients selected, skipping evaluation
[2025-02-15 16:13:08,663][flwr][INFO] - 
[2025-02-15 16:13:08,663][flwr][INFO] - [ROUND 2]
[2025-02-15 16:13:08,663][flwr][INFO] - Sampling failed: number of available clients (5) is less than number of requested clients (10).
[2025-02-15 16:13:08,664][flwr][INFO] - configure_fit: no clients selected, cancel
[2025-02-15 16:13:08,681][flwr][INFO] - fit progress: (2, 4.938721239566803, {'accuracy': 0.38860103626943004, 'f1_score': 0.39803498802161674, 'recall': 0.38860103626943004, 'precision': 0.5760470502497611}, 0.03745055100080208)
[2025-02-15 16:13:08,681][flwr][INFO] - Sampling failed: number of available clients (5) is less than number of requested clients (25).
[2025-02-15 16:13:08,682][flwr][INFO] - configure_evaluate: no clients selected, skipping evaluation
[2025-02-15 16:13:08,682][flwr][INFO] - 
[2025-02-15 16:13:08,682][flwr][INFO] - [ROUND 3]
[2025-02-15 16:13:08,682][flwr][INFO] - Sampling failed: number of available clients (5) is less than number of requested clients (10).
[2025-02-15 16:13:08,682][flwr][INFO] - configure_fit: no clients selected, cancel
[2025-02-15 16:13:08,700][flwr][INFO] - fit progress: (3, 4.938721239566803, {'accuracy': 0.38860103626943004, 'f1_score': 0.39803498802161674, 'recall': 0.38860103626943004, 'precision': 0.5760470502497611}, 0.056133854002837325)
[2025-02-15 16:13:08,700][flwr][INFO] - Sampling failed: number of available clients (5) is less than number of requested clients (25).
[2025-02-15 16:13:08,700][flwr][INFO] - configure_evaluate: no clients selected, skipping evaluation
[2025-02-15 16:13:08,700][flwr][INFO] - 
[2025-02-15 16:13:08,700][flwr][INFO] - [ROUND 4]
[2025-02-15 16:13:08,701][flwr][INFO] - Sampling failed: number of available clients (5) is less than number of requested clients (10).
[2025-02-15 16:13:08,701][flwr][INFO] - configure_fit: no clients selected, cancel
[2025-02-15 16:13:08,718][flwr][INFO] - fit progress: (4, 4.938721239566803, {'accuracy': 0.38860103626943004, 'f1_score': 0.39803498802161674, 'recall': 0.38860103626943004, 'precision': 0.5760470502497611}, 0.07399977200111607)
[2025-02-15 16:13:08,718][flwr][INFO] - Sampling failed: number of available clients (5) is less than number of requested clients (25).
[2025-02-15 16:13:08,718][flwr][INFO] - configure_evaluate: no clients selected, skipping evaluation
[2025-02-15 16:13:08,718][flwr][INFO] - 
[2025-02-15 16:13:08,718][flwr][INFO] - [ROUND 5]
[2025-02-15 16:13:08,719][flwr][INFO] - Sampling failed: number of available clients (5) is less than number of requested clients (10).
[2025-02-15 16:13:08,719][flwr][INFO] - configure_fit: no clients selected, cancel
[2025-02-15 16:13:08,736][flwr][INFO] - fit progress: (5, 4.938721239566803, {'accuracy': 0.38860103626943004, 'f1_score': 0.39803498802161674, 'recall': 0.38860103626943004, 'precision': 0.5760470502497611}, 0.09204072000284214)
[2025-02-15 16:13:08,736][flwr][INFO] - Sampling failed: number of available clients (5) is less than number of requested clients (25).
[2025-02-15 16:13:08,736][flwr][INFO] - configure_evaluate: no clients selected, skipping evaluation
[2025-02-15 16:13:08,736][flwr][INFO] - 
[2025-02-15 16:13:08,736][flwr][INFO] - [SUMMARY]
[2025-02-15 16:13:08,736][flwr][INFO] - Run finished 5 round(s) in 0.09s
[2025-02-15 16:13:08,737][flwr][INFO] - 	History (loss, centralized):
[2025-02-15 16:13:08,737][flwr][INFO] - 		round 0: 4.938721239566803
[2025-02-15 16:13:08,737][flwr][INFO] - 		round 1: 4.938721239566803
[2025-02-15 16:13:08,737][flwr][INFO] - 		round 2: 4.938721239566803
[2025-02-15 16:13:08,737][flwr][INFO] - 		round 3: 4.938721239566803
[2025-02-15 16:13:08,737][flwr][INFO] - 		round 4: 4.938721239566803
[2025-02-15 16:13:08,737][flwr][INFO] - 		round 5: 4.938721239566803
[2025-02-15 16:13:08,738][flwr][INFO] - 	History (metrics, centralized):
[2025-02-15 16:13:08,738][flwr][INFO] - 	{'accuracy': [(0, 0.38860103626943004),
[2025-02-15 16:13:08,738][flwr][INFO] - 	              (1, 0.38860103626943004),
[2025-02-15 16:13:08,738][flwr][INFO] - 	              (2, 0.38860103626943004),
[2025-02-15 16:13:08,738][flwr][INFO] - 	              (3, 0.38860103626943004),
[2025-02-15 16:13:08,738][flwr][INFO] - 	              (4, 0.38860103626943004),
[2025-02-15 16:13:08,738][flwr][INFO] - 	              (5, 0.38860103626943004)],
[2025-02-15 16:13:08,738][flwr][INFO] - 	 'f1_score': [(0, 0.39803498802161674),
[2025-02-15 16:13:08,738][flwr][INFO] - 	              (1, 0.39803498802161674),
[2025-02-15 16:13:08,738][flwr][INFO] - 	              (2, 0.39803498802161674),
[2025-02-15 16:13:08,738][flwr][INFO] - 	              (3, 0.39803498802161674),
[2025-02-15 16:13:08,738][flwr][INFO] - 	              (4, 0.39803498802161674),
[2025-02-15 16:13:08,738][flwr][INFO] - 	              (5, 0.39803498802161674)],
[2025-02-15 16:13:08,739][flwr][INFO] - 	 'precision': [(0, 0.5760470502497611),
[2025-02-15 16:13:08,739][flwr][INFO] - 	               (1, 0.5760470502497611),
[2025-02-15 16:13:08,739][flwr][INFO] - 	               (2, 0.5760470502497611),
[2025-02-15 16:13:08,739][flwr][INFO] - 	               (3, 0.5760470502497611),
[2025-02-15 16:13:08,739][flwr][INFO] - 	               (4, 0.5760470502497611),
[2025-02-15 16:13:08,739][flwr][INFO] - 	               (5, 0.5760470502497611)],
[2025-02-15 16:13:08,739][flwr][INFO] - 	 'recall': [(0, 0.38860103626943004),
[2025-02-15 16:13:08,739][flwr][INFO] - 	            (1, 0.38860103626943004),
[2025-02-15 16:13:08,739][flwr][INFO] - 	            (2, 0.38860103626943004),
[2025-02-15 16:13:08,739][flwr][INFO] - 	            (3, 0.38860103626943004),
[2025-02-15 16:13:08,739][flwr][INFO] - 	            (4, 0.38860103626943004),
[2025-02-15 16:13:08,739][flwr][INFO] - 	            (5, 0.38860103626943004)]}
[2025-02-15 16:13:08,740][flwr][INFO] - 
