[2025-02-13 15:06:36,545][flwr][WARNING] - 
Setting `min_available_clients` lower than `min_fit_clients` or
`min_evaluate_clients` can cause the server to fail when there are too few clients
connected to the server. `min_available_clients` must be set to a value larger
than or equal to the values of `min_fit_clients` and `min_evaluate_clients`.

[2025-02-13 15:06:36,547][flwr][INFO] - Starting Flower simulation, config: num_rounds=5, no round_timeout
[2025-02-13 15:06:39,618][flwr][INFO] - Flower VCE: Ray initialized with resources: {'node:10.40.177.142': 1.0, 'GPU': 1.0, 'accelerator_type:M4000': 1.0, 'object_store_memory': 8802718924.0, 'CPU': 16.0, 'node:__internal_head__': 1.0, 'memory': 17605437851.0}
[2025-02-13 15:06:39,618][flwr][INFO] - Optimize your simulation with Flower VCE: https://flower.ai/docs/framework/how-to-run-simulations.html
[2025-02-13 15:06:39,619][flwr][INFO] - Flower VCE: Resources for each Virtual Client: {'num_cpus': 2, 'num_gpus': 0.5}
[2025-02-13 15:06:39,632][flwr][INFO] - Flower VCE: Creating VirtualClientEngineActorPool with 2 actors
[2025-02-13 15:06:39,632][flwr][INFO] - [INIT]
[2025-02-13 15:06:39,633][flwr][INFO] - Requesting initial parameters from one random client
[2025-02-13 15:06:45,348][flwr][INFO] - Received initial parameters from one random client
[2025-02-13 15:06:45,348][flwr][INFO] - Starting evaluation of initial global parameters
[2025-02-13 15:06:45,677][flwr][INFO] - initial parameters (loss, other metrics): 5.0701329708099365, {'accuracy': 0.325}
[2025-02-13 15:06:45,677][flwr][INFO] - 
[2025-02-13 15:06:45,678][flwr][INFO] - [ROUND 1]
[2025-02-13 15:06:45,678][flwr][INFO] - Sampling failed: number of available clients (5) is less than number of requested clients (10).
[2025-02-13 15:06:45,678][flwr][INFO] - configure_fit: no clients selected, cancel
[2025-02-13 15:06:45,690][flwr][INFO] - fit progress: (1, 5.0701329708099365, {'accuracy': 0.325}, 0.012202159000025858)
[2025-02-13 15:06:45,690][flwr][INFO] - Sampling failed: number of available clients (5) is less than number of requested clients (25).
[2025-02-13 15:06:45,690][flwr][INFO] - configure_evaluate: no clients selected, skipping evaluation
[2025-02-13 15:06:45,690][flwr][INFO] - 
[2025-02-13 15:06:45,690][flwr][INFO] - [ROUND 2]
[2025-02-13 15:06:45,691][flwr][INFO] - Sampling failed: number of available clients (5) is less than number of requested clients (10).
[2025-02-13 15:06:45,691][flwr][INFO] - configure_fit: no clients selected, cancel
[2025-02-13 15:06:45,700][flwr][INFO] - fit progress: (2, 5.0701329708099365, {'accuracy': 0.325}, 0.022826702999964255)
[2025-02-13 15:06:45,700][flwr][INFO] - Sampling failed: number of available clients (5) is less than number of requested clients (25).
[2025-02-13 15:06:45,701][flwr][INFO] - configure_evaluate: no clients selected, skipping evaluation
[2025-02-13 15:06:45,701][flwr][INFO] - 
[2025-02-13 15:06:45,701][flwr][INFO] - [ROUND 3]
[2025-02-13 15:06:45,701][flwr][INFO] - Sampling failed: number of available clients (5) is less than number of requested clients (10).
[2025-02-13 15:06:45,701][flwr][INFO] - configure_fit: no clients selected, cancel
[2025-02-13 15:06:45,713][flwr][INFO] - fit progress: (3, 5.0701329708099365, {'accuracy': 0.325}, 0.035902162999946086)
[2025-02-13 15:06:45,714][flwr][INFO] - Sampling failed: number of available clients (5) is less than number of requested clients (25).
[2025-02-13 15:06:45,714][flwr][INFO] - configure_evaluate: no clients selected, skipping evaluation
[2025-02-13 15:06:45,714][flwr][INFO] - 
[2025-02-13 15:06:45,714][flwr][INFO] - [ROUND 4]
[2025-02-13 15:06:45,714][flwr][INFO] - Sampling failed: number of available clients (5) is less than number of requested clients (10).
[2025-02-13 15:06:45,714][flwr][INFO] - configure_fit: no clients selected, cancel
[2025-02-13 15:06:45,725][flwr][INFO] - fit progress: (4, 5.0701329708099365, {'accuracy': 0.325}, 0.04742342800000188)
[2025-02-13 15:06:45,725][flwr][INFO] - Sampling failed: number of available clients (5) is less than number of requested clients (25).
[2025-02-13 15:06:45,725][flwr][INFO] - configure_evaluate: no clients selected, skipping evaluation
[2025-02-13 15:06:45,725][flwr][INFO] - 
[2025-02-13 15:06:45,725][flwr][INFO] - [ROUND 5]
[2025-02-13 15:06:45,726][flwr][INFO] - Sampling failed: number of available clients (5) is less than number of requested clients (10).
[2025-02-13 15:06:45,726][flwr][INFO] - configure_fit: no clients selected, cancel
[2025-02-13 15:06:45,735][flwr][INFO] - fit progress: (5, 5.0701329708099365, {'accuracy': 0.325}, 0.05808058399998117)
[2025-02-13 15:06:45,736][flwr][INFO] - Sampling failed: number of available clients (5) is less than number of requested clients (25).
[2025-02-13 15:06:45,736][flwr][INFO] - configure_evaluate: no clients selected, skipping evaluation
[2025-02-13 15:06:45,736][flwr][INFO] - 
[2025-02-13 15:06:45,736][flwr][INFO] - [SUMMARY]
[2025-02-13 15:06:45,736][flwr][INFO] - Run finished 5 round(s) in 0.06s
[2025-02-13 15:06:45,736][flwr][INFO] - 	History (loss, centralized):
[2025-02-13 15:06:45,737][flwr][INFO] - 		round 0: 5.0701329708099365
[2025-02-13 15:06:45,737][flwr][INFO] - 		round 1: 5.0701329708099365
[2025-02-13 15:06:45,737][flwr][INFO] - 		round 2: 5.0701329708099365
[2025-02-13 15:06:45,737][flwr][INFO] - 		round 3: 5.0701329708099365
[2025-02-13 15:06:45,737][flwr][INFO] - 		round 4: 5.0701329708099365
[2025-02-13 15:06:45,737][flwr][INFO] - 		round 5: 5.0701329708099365
[2025-02-13 15:06:45,737][flwr][INFO] - 	History (metrics, centralized):
[2025-02-13 15:06:45,737][flwr][INFO] - 	{'accuracy': [(0, 0.325),
[2025-02-13 15:06:45,737][flwr][INFO] - 	              (1, 0.325),
[2025-02-13 15:06:45,737][flwr][INFO] - 	              (2, 0.325),
[2025-02-13 15:06:45,737][flwr][INFO] - 	              (3, 0.325),
[2025-02-13 15:06:45,737][flwr][INFO] - 	              (4, 0.325),
[2025-02-13 15:06:45,738][flwr][INFO] - 	              (5, 0.325)]}
[2025-02-13 15:06:45,738][flwr][INFO] - 
