[2025-02-13 15:28:04,821][flwr][WARNING] - 
Setting `min_available_clients` lower than `min_fit_clients` or
`min_evaluate_clients` can cause the server to fail when there are too few clients
connected to the server. `min_available_clients` must be set to a value larger
than or equal to the values of `min_fit_clients` and `min_evaluate_clients`.

[2025-02-13 15:28:04,823][flwr][INFO] - Starting Flower simulation, config: num_rounds=5, no round_timeout
[2025-02-13 15:28:08,781][flwr][INFO] - Flower VCE: Ray initialized with resources: {'CPU': 16.0, 'node:__internal_head__': 1.0, 'object_store_memory': 8964277862.0, 'memory': 17928555726.0, 'node:10.40.177.142': 1.0, 'GPU': 1.0, 'accelerator_type:M4000': 1.0}
[2025-02-13 15:28:08,781][flwr][INFO] - Optimize your simulation with Flower VCE: https://flower.ai/docs/framework/how-to-run-simulations.html
[2025-02-13 15:28:08,781][flwr][INFO] - Flower VCE: Resources for each Virtual Client: {'num_cpus': 2, 'num_gpus': 0.5}
[2025-02-13 15:28:08,795][flwr][INFO] - Flower VCE: Creating VirtualClientEngineActorPool with 2 actors
[2025-02-13 15:28:08,795][flwr][INFO] - [INIT]
[2025-02-13 15:28:08,796][flwr][INFO] - Requesting initial parameters from one random client
[2025-02-13 15:28:13,896][flwr][INFO] - Received initial parameters from one random client
[2025-02-13 15:28:13,896][flwr][INFO] - Starting evaluation of initial global parameters
[2025-02-13 15:28:14,201][flwr][INFO] - initial parameters (loss, other metrics): 5.055132865905762, {'accuracy': 0.285}
[2025-02-13 15:28:14,202][flwr][INFO] - 
[2025-02-13 15:28:14,202][flwr][INFO] - [ROUND 1]
[2025-02-13 15:28:14,202][flwr][INFO] - Sampling failed: number of available clients (5) is less than number of requested clients (10).
[2025-02-13 15:28:14,202][flwr][INFO] - configure_fit: no clients selected, cancel
[2025-02-13 15:28:14,211][flwr][INFO] - fit progress: (1, 5.055132865905762, {'accuracy': 0.285}, 0.009785758999896643)
[2025-02-13 15:28:14,212][flwr][INFO] - Sampling failed: number of available clients (5) is less than number of requested clients (25).
[2025-02-13 15:28:14,212][flwr][INFO] - configure_evaluate: no clients selected, skipping evaluation
[2025-02-13 15:28:14,212][flwr][INFO] - 
[2025-02-13 15:28:14,212][flwr][INFO] - [ROUND 2]
[2025-02-13 15:28:14,212][flwr][INFO] - Sampling failed: number of available clients (5) is less than number of requested clients (10).
[2025-02-13 15:28:14,212][flwr][INFO] - configure_fit: no clients selected, cancel
[2025-02-13 15:28:14,221][flwr][INFO] - fit progress: (2, 5.055132865905762, {'accuracy': 0.285}, 0.019603154999913386)
[2025-02-13 15:28:14,221][flwr][INFO] - Sampling failed: number of available clients (5) is less than number of requested clients (25).
[2025-02-13 15:28:14,222][flwr][INFO] - configure_evaluate: no clients selected, skipping evaluation
[2025-02-13 15:28:14,222][flwr][INFO] - 
[2025-02-13 15:28:14,222][flwr][INFO] - [ROUND 3]
[2025-02-13 15:28:14,222][flwr][INFO] - Sampling failed: number of available clients (5) is less than number of requested clients (10).
[2025-02-13 15:28:14,222][flwr][INFO] - configure_fit: no clients selected, cancel
[2025-02-13 15:28:14,233][flwr][INFO] - fit progress: (3, 5.055132865905762, {'accuracy': 0.285}, 0.031122620000132883)
[2025-02-13 15:28:14,233][flwr][INFO] - Sampling failed: number of available clients (5) is less than number of requested clients (25).
[2025-02-13 15:28:14,233][flwr][INFO] - configure_evaluate: no clients selected, skipping evaluation
[2025-02-13 15:28:14,233][flwr][INFO] - 
[2025-02-13 15:28:14,233][flwr][INFO] - [ROUND 4]
[2025-02-13 15:28:14,234][flwr][INFO] - Sampling failed: number of available clients (5) is less than number of requested clients (10).
[2025-02-13 15:28:14,234][flwr][INFO] - configure_fit: no clients selected, cancel
[2025-02-13 15:28:14,243][flwr][INFO] - fit progress: (4, 5.055132865905762, {'accuracy': 0.285}, 0.04112039499977982)
[2025-02-13 15:28:14,243][flwr][INFO] - Sampling failed: number of available clients (5) is less than number of requested clients (25).
[2025-02-13 15:28:14,243][flwr][INFO] - configure_evaluate: no clients selected, skipping evaluation
[2025-02-13 15:28:14,243][flwr][INFO] - 
[2025-02-13 15:28:14,243][flwr][INFO] - [ROUND 5]
[2025-02-13 15:28:14,243][flwr][INFO] - Sampling failed: number of available clients (5) is less than number of requested clients (10).
[2025-02-13 15:28:14,243][flwr][INFO] - configure_fit: no clients selected, cancel
[2025-02-13 15:28:14,252][flwr][INFO] - fit progress: (5, 5.055132865905762, {'accuracy': 0.285}, 0.05084967199991297)
[2025-02-13 15:28:14,253][flwr][INFO] - Sampling failed: number of available clients (5) is less than number of requested clients (25).
[2025-02-13 15:28:14,253][flwr][INFO] - configure_evaluate: no clients selected, skipping evaluation
[2025-02-13 15:28:14,253][flwr][INFO] - 
[2025-02-13 15:28:14,253][flwr][INFO] - [SUMMARY]
[2025-02-13 15:28:14,253][flwr][INFO] - Run finished 5 round(s) in 0.05s
[2025-02-13 15:28:14,253][flwr][INFO] - 	History (loss, centralized):
[2025-02-13 15:28:14,253][flwr][INFO] - 		round 0: 5.055132865905762
[2025-02-13 15:28:14,254][flwr][INFO] - 		round 1: 5.055132865905762
[2025-02-13 15:28:14,254][flwr][INFO] - 		round 2: 5.055132865905762
[2025-02-13 15:28:14,254][flwr][INFO] - 		round 3: 5.055132865905762
[2025-02-13 15:28:14,254][flwr][INFO] - 		round 4: 5.055132865905762
[2025-02-13 15:28:14,254][flwr][INFO] - 		round 5: 5.055132865905762
[2025-02-13 15:28:14,254][flwr][INFO] - 	History (metrics, centralized):
[2025-02-13 15:28:14,254][flwr][INFO] - 	{'accuracy': [(0, 0.285),
[2025-02-13 15:28:14,254][flwr][INFO] - 	              (1, 0.285),
[2025-02-13 15:28:14,254][flwr][INFO] - 	              (2, 0.285),
[2025-02-13 15:28:14,254][flwr][INFO] - 	              (3, 0.285),
[2025-02-13 15:28:14,255][flwr][INFO] - 	              (4, 0.285),
[2025-02-13 15:28:14,255][flwr][INFO] - 	              (5, 0.285)]}
[2025-02-13 15:28:14,255][flwr][INFO] - 
