[2025-02-10 16:12:47,509][flwr][WARNING] - 
Setting `min_available_clients` lower than `min_fit_clients` or
`min_evaluate_clients` can cause the server to fail when there are too few clients
connected to the server. `min_available_clients` must be set to a value larger
than or equal to the values of `min_fit_clients` and `min_evaluate_clients`.

[2025-02-10 16:12:47,510][flwr][INFO] - Starting Flower simulation, config: num_rounds=5, no round_timeout
[2025-02-10 16:12:51,618][flwr][INFO] - Flower VCE: Ray initialized with resources: {'CPU': 16.0, 'memory': 17404917351.0, 'object_store_memory': 8702458675.0, 'node:__internal_head__': 1.0, 'accelerator_type:M4000': 1.0, 'GPU': 1.0, 'node:10.40.177.142': 1.0}
[2025-02-10 16:12:51,619][flwr][INFO] - Optimize your simulation with Flower VCE: https://flower.ai/docs/framework/how-to-run-simulations.html
[2025-02-10 16:12:51,619][flwr][INFO] - Flower VCE: Resources for each Virtual Client: {'num_cpus': 2, 'num_gpus': 0.5}
[2025-02-10 16:12:51,636][flwr][INFO] - Flower VCE: Creating VirtualClientEngineActorPool with 2 actors
[2025-02-10 16:12:51,637][flwr][INFO] - [INIT]
[2025-02-10 16:12:51,637][flwr][INFO] - Requesting initial parameters from one random client
[2025-02-10 16:12:56,968][flwr][INFO] - Received initial parameters from one random client
[2025-02-10 16:12:56,968][flwr][INFO] - Starting evaluation of initial global parameters
[2025-02-10 16:12:57,400][flwr][INFO] - initial parameters (loss, other metrics): 4.697063505649567, {'accuracy': 0.705}
[2025-02-10 16:12:57,400][flwr][INFO] - 
[2025-02-10 16:12:57,400][flwr][INFO] - [ROUND 1]
[2025-02-10 16:12:57,401][flwr][INFO] - Sampling failed: number of available clients (5) is less than number of requested clients (10).
[2025-02-10 16:12:57,401][flwr][INFO] - configure_fit: no clients selected, cancel
[2025-02-10 16:12:57,411][flwr][INFO] - fit progress: (1, 4.697063505649567, {'accuracy': 0.705}, 0.011105159999715397)
[2025-02-10 16:12:57,412][flwr][INFO] - Sampling failed: number of available clients (5) is less than number of requested clients (25).
[2025-02-10 16:12:57,412][flwr][INFO] - configure_evaluate: no clients selected, skipping evaluation
[2025-02-10 16:12:57,412][flwr][INFO] - 
[2025-02-10 16:12:57,412][flwr][INFO] - [ROUND 2]
[2025-02-10 16:12:57,412][flwr][INFO] - Sampling failed: number of available clients (5) is less than number of requested clients (10).
[2025-02-10 16:12:57,412][flwr][INFO] - configure_fit: no clients selected, cancel
[2025-02-10 16:12:57,423][flwr][INFO] - fit progress: (2, 4.697063505649567, {'accuracy': 0.705}, 0.02241999199941347)
[2025-02-10 16:12:57,423][flwr][INFO] - Sampling failed: number of available clients (5) is less than number of requested clients (25).
[2025-02-10 16:12:57,423][flwr][INFO] - configure_evaluate: no clients selected, skipping evaluation
[2025-02-10 16:12:57,423][flwr][INFO] - 
[2025-02-10 16:12:57,423][flwr][INFO] - [ROUND 3]
[2025-02-10 16:12:57,423][flwr][INFO] - Sampling failed: number of available clients (5) is less than number of requested clients (10).
[2025-02-10 16:12:57,424][flwr][INFO] - configure_fit: no clients selected, cancel
[2025-02-10 16:12:57,437][flwr][INFO] - fit progress: (3, 4.697063505649567, {'accuracy': 0.705}, 0.03668773200024589)
[2025-02-10 16:12:57,437][flwr][INFO] - Sampling failed: number of available clients (5) is less than number of requested clients (25).
[2025-02-10 16:12:57,437][flwr][INFO] - configure_evaluate: no clients selected, skipping evaluation
[2025-02-10 16:12:57,437][flwr][INFO] - 
[2025-02-10 16:12:57,438][flwr][INFO] - [ROUND 4]
[2025-02-10 16:12:57,438][flwr][INFO] - Sampling failed: number of available clients (5) is less than number of requested clients (10).
[2025-02-10 16:12:57,438][flwr][INFO] - configure_fit: no clients selected, cancel
[2025-02-10 16:12:57,450][flwr][INFO] - fit progress: (4, 4.697063505649567, {'accuracy': 0.705}, 0.04959031199996389)
[2025-02-10 16:12:57,450][flwr][INFO] - Sampling failed: number of available clients (5) is less than number of requested clients (25).
[2025-02-10 16:12:57,450][flwr][INFO] - configure_evaluate: no clients selected, skipping evaluation
[2025-02-10 16:12:57,450][flwr][INFO] - 
[2025-02-10 16:12:57,450][flwr][INFO] - [ROUND 5]
[2025-02-10 16:12:57,451][flwr][INFO] - Sampling failed: number of available clients (5) is less than number of requested clients (10).
[2025-02-10 16:12:57,451][flwr][INFO] - configure_fit: no clients selected, cancel
[2025-02-10 16:12:57,463][flwr][INFO] - fit progress: (5, 4.697063505649567, {'accuracy': 0.705}, 0.06291926199992304)
[2025-02-10 16:12:57,463][flwr][INFO] - Sampling failed: number of available clients (5) is less than number of requested clients (25).
[2025-02-10 16:12:57,464][flwr][INFO] - configure_evaluate: no clients selected, skipping evaluation
[2025-02-10 16:12:57,464][flwr][INFO] - 
[2025-02-10 16:12:57,464][flwr][INFO] - [SUMMARY]
[2025-02-10 16:12:57,464][flwr][INFO] - Run finished 5 round(s) in 0.06s
[2025-02-10 16:12:57,464][flwr][INFO] - 	History (loss, centralized):
[2025-02-10 16:12:57,464][flwr][INFO] - 		round 0: 4.697063505649567
[2025-02-10 16:12:57,464][flwr][INFO] - 		round 1: 4.697063505649567
[2025-02-10 16:12:57,464][flwr][INFO] - 		round 2: 4.697063505649567
[2025-02-10 16:12:57,465][flwr][INFO] - 		round 3: 4.697063505649567
[2025-02-10 16:12:57,465][flwr][INFO] - 		round 4: 4.697063505649567
[2025-02-10 16:12:57,465][flwr][INFO] - 		round 5: 4.697063505649567
[2025-02-10 16:12:57,465][flwr][INFO] - 	History (metrics, centralized):
[2025-02-10 16:12:57,465][flwr][INFO] - 	{'accuracy': [(0, 0.705),
[2025-02-10 16:12:57,465][flwr][INFO] - 	              (1, 0.705),
[2025-02-10 16:12:57,465][flwr][INFO] - 	              (2, 0.705),
[2025-02-10 16:12:57,465][flwr][INFO] - 	              (3, 0.705),
[2025-02-10 16:12:57,465][flwr][INFO] - 	              (4, 0.705),
[2025-02-10 16:12:57,465][flwr][INFO] - 	              (5, 0.705)]}
[2025-02-10 16:12:57,465][flwr][INFO] - 
