[2025-02-15 16:02:49,209][flwr][WARNING] - 
Setting `min_available_clients` lower than `min_fit_clients` or
`min_evaluate_clients` can cause the server to fail when there are too few clients
connected to the server. `min_available_clients` must be set to a value larger
than or equal to the values of `min_fit_clients` and `min_evaluate_clients`.

[2025-02-15 16:02:49,210][flwr][INFO] - Starting Flower simulation, config: num_rounds=5, no round_timeout
[2025-02-15 16:02:53,191][flwr][INFO] - Flower VCE: Ray initialized with resources: {'node:__internal_head__': 1.0, 'object_store_memory': 8768106086.0, 'CPU': 16.0, 'memory': 17536212174.0, 'GPU': 1.0, 'node:10.40.177.142': 1.0, 'accelerator_type:M4000': 1.0}
[2025-02-15 16:02:53,192][flwr][INFO] - Optimize your simulation with Flower VCE: https://flower.ai/docs/framework/how-to-run-simulations.html
[2025-02-15 16:02:53,192][flwr][INFO] - Flower VCE: Resources for each Virtual Client: {'num_cpus': 2, 'num_gpus': 0.5}
[2025-02-15 16:02:53,205][flwr][INFO] - Flower VCE: Creating VirtualClientEngineActorPool with 2 actors
[2025-02-15 16:02:53,205][flwr][INFO] - [INIT]
[2025-02-15 16:02:53,205][flwr][INFO] - Requesting initial parameters from one random client
[2025-02-15 16:02:58,739][flwr][INFO] - Received initial parameters from one random client
[2025-02-15 16:02:58,739][flwr][INFO] - Starting evaluation of initial global parameters
[2025-02-15 16:02:59,108][flwr][INFO] - initial parameters (loss, other metrics): 4.721318244934082, {'accuracy': 0.6632124352331606, 'f1_score': 0.6236361123211294, 'recall': 0.6632124352331606, 'precision': 0.6023761135503441}
[2025-02-15 16:02:59,109][flwr][INFO] - 
[2025-02-15 16:02:59,109][flwr][INFO] - [ROUND 1]
[2025-02-15 16:02:59,109][flwr][INFO] - Sampling failed: number of available clients (5) is less than number of requested clients (10).
[2025-02-15 16:02:59,109][flwr][INFO] - configure_fit: no clients selected, cancel
[2025-02-15 16:02:59,128][flwr][INFO] - fit progress: (1, 4.721318244934082, {'accuracy': 0.6632124352331606, 'f1_score': 0.6236361123211294, 'recall': 0.6632124352331606, 'precision': 0.6023761135503441}, 0.019254827999247937)
[2025-02-15 16:02:59,128][flwr][INFO] - Sampling failed: number of available clients (5) is less than number of requested clients (25).
[2025-02-15 16:02:59,128][flwr][INFO] - configure_evaluate: no clients selected, skipping evaluation
[2025-02-15 16:02:59,128][flwr][INFO] - 
[2025-02-15 16:02:59,128][flwr][INFO] - [ROUND 2]
[2025-02-15 16:02:59,129][flwr][INFO] - Sampling failed: number of available clients (5) is less than number of requested clients (10).
[2025-02-15 16:02:59,129][flwr][INFO] - configure_fit: no clients selected, cancel
[2025-02-15 16:02:59,148][flwr][INFO] - fit progress: (2, 4.721318244934082, {'accuracy': 0.6632124352331606, 'f1_score': 0.6236361123211294, 'recall': 0.6632124352331606, 'precision': 0.6023761135503441}, 0.038965515999734635)
[2025-02-15 16:02:59,148][flwr][INFO] - Sampling failed: number of available clients (5) is less than number of requested clients (25).
[2025-02-15 16:02:59,148][flwr][INFO] - configure_evaluate: no clients selected, skipping evaluation
[2025-02-15 16:02:59,148][flwr][INFO] - 
[2025-02-15 16:02:59,148][flwr][INFO] - [ROUND 3]
[2025-02-15 16:02:59,149][flwr][INFO] - Sampling failed: number of available clients (5) is less than number of requested clients (10).
[2025-02-15 16:02:59,149][flwr][INFO] - configure_fit: no clients selected, cancel
[2025-02-15 16:02:59,171][flwr][INFO] - fit progress: (3, 4.721318244934082, {'accuracy': 0.6632124352331606, 'f1_score': 0.6236361123211294, 'recall': 0.6632124352331606, 'precision': 0.6023761135503441}, 0.06252013799894485)
[2025-02-15 16:02:59,171][flwr][INFO] - Sampling failed: number of available clients (5) is less than number of requested clients (25).
[2025-02-15 16:02:59,171][flwr][INFO] - configure_evaluate: no clients selected, skipping evaluation
[2025-02-15 16:02:59,172][flwr][INFO] - 
[2025-02-15 16:02:59,172][flwr][INFO] - [ROUND 4]
[2025-02-15 16:02:59,172][flwr][INFO] - Sampling failed: number of available clients (5) is less than number of requested clients (10).
[2025-02-15 16:02:59,172][flwr][INFO] - configure_fit: no clients selected, cancel
[2025-02-15 16:02:59,191][flwr][INFO] - fit progress: (4, 4.721318244934082, {'accuracy': 0.6632124352331606, 'f1_score': 0.6236361123211294, 'recall': 0.6632124352331606, 'precision': 0.6023761135503441}, 0.08283154699893203)
[2025-02-15 16:02:59,192][flwr][INFO] - Sampling failed: number of available clients (5) is less than number of requested clients (25).
[2025-02-15 16:02:59,192][flwr][INFO] - configure_evaluate: no clients selected, skipping evaluation
[2025-02-15 16:02:59,192][flwr][INFO] - 
[2025-02-15 16:02:59,192][flwr][INFO] - [ROUND 5]
[2025-02-15 16:02:59,192][flwr][INFO] - Sampling failed: number of available clients (5) is less than number of requested clients (10).
[2025-02-15 16:02:59,192][flwr][INFO] - configure_fit: no clients selected, cancel
[2025-02-15 16:02:59,210][flwr][INFO] - fit progress: (5, 4.721318244934082, {'accuracy': 0.6632124352331606, 'f1_score': 0.6236361123211294, 'recall': 0.6632124352331606, 'precision': 0.6023761135503441}, 0.10129787099867826)
[2025-02-15 16:02:59,210][flwr][INFO] - Sampling failed: number of available clients (5) is less than number of requested clients (25).
[2025-02-15 16:02:59,210][flwr][INFO] - configure_evaluate: no clients selected, skipping evaluation
[2025-02-15 16:02:59,210][flwr][INFO] - 
[2025-02-15 16:02:59,210][flwr][INFO] - [SUMMARY]
[2025-02-15 16:02:59,210][flwr][INFO] - Run finished 5 round(s) in 0.10s
[2025-02-15 16:02:59,211][flwr][INFO] - 	History (loss, centralized):
[2025-02-15 16:02:59,211][flwr][INFO] - 		round 0: 4.721318244934082
[2025-02-15 16:02:59,211][flwr][INFO] - 		round 1: 4.721318244934082
[2025-02-15 16:02:59,212][flwr][INFO] - 		round 2: 4.721318244934082
[2025-02-15 16:02:59,212][flwr][INFO] - 		round 3: 4.721318244934082
[2025-02-15 16:02:59,212][flwr][INFO] - 		round 4: 4.721318244934082
[2025-02-15 16:02:59,212][flwr][INFO] - 		round 5: 4.721318244934082
[2025-02-15 16:02:59,212][flwr][INFO] - 	History (metrics, centralized):
[2025-02-15 16:02:59,212][flwr][INFO] - 	{'accuracy': [(0, 0.6632124352331606),
[2025-02-15 16:02:59,212][flwr][INFO] - 	              (1, 0.6632124352331606),
[2025-02-15 16:02:59,212][flwr][INFO] - 	              (2, 0.6632124352331606),
[2025-02-15 16:02:59,212][flwr][INFO] - 	              (3, 0.6632124352331606),
[2025-02-15 16:02:59,212][flwr][INFO] - 	              (4, 0.6632124352331606),
[2025-02-15 16:02:59,212][flwr][INFO] - 	              (5, 0.6632124352331606)],
[2025-02-15 16:02:59,212][flwr][INFO] - 	 'f1_score': [(0, 0.6236361123211294),
[2025-02-15 16:02:59,213][flwr][INFO] - 	              (1, 0.6236361123211294),
[2025-02-15 16:02:59,213][flwr][INFO] - 	              (2, 0.6236361123211294),
[2025-02-15 16:02:59,213][flwr][INFO] - 	              (3, 0.6236361123211294),
[2025-02-15 16:02:59,213][flwr][INFO] - 	              (4, 0.6236361123211294),
[2025-02-15 16:02:59,213][flwr][INFO] - 	              (5, 0.6236361123211294)],
[2025-02-15 16:02:59,213][flwr][INFO] - 	 'precision': [(0, 0.6023761135503441),
[2025-02-15 16:02:59,213][flwr][INFO] - 	               (1, 0.6023761135503441),
[2025-02-15 16:02:59,213][flwr][INFO] - 	               (2, 0.6023761135503441),
[2025-02-15 16:02:59,214][flwr][INFO] - 	               (3, 0.6023761135503441),
[2025-02-15 16:02:59,214][flwr][INFO] - 	               (4, 0.6023761135503441),
[2025-02-15 16:02:59,214][flwr][INFO] - 	               (5, 0.6023761135503441)],
[2025-02-15 16:02:59,214][flwr][INFO] - 	 'recall': [(0, 0.6632124352331606),
[2025-02-15 16:02:59,214][flwr][INFO] - 	            (1, 0.6632124352331606),
[2025-02-15 16:02:59,214][flwr][INFO] - 	            (2, 0.6632124352331606),
[2025-02-15 16:02:59,214][flwr][INFO] - 	            (3, 0.6632124352331606),
[2025-02-15 16:02:59,214][flwr][INFO] - 	            (4, 0.6632124352331606),
[2025-02-15 16:02:59,214][flwr][INFO] - 	            (5, 0.6632124352331606)]}
[2025-02-15 16:02:59,215][flwr][INFO] - 
