[2025-02-15 15:18:57,973][flwr][WARNING] - 
Setting `min_available_clients` lower than `min_fit_clients` or
`min_evaluate_clients` can cause the server to fail when there are too few clients
connected to the server. `min_available_clients` must be set to a value larger
than or equal to the values of `min_fit_clients` and `min_evaluate_clients`.

[2025-02-15 15:18:57,974][flwr][INFO] - Starting Flower simulation, config: num_rounds=5, no round_timeout
[2025-02-15 15:19:01,943][flwr][INFO] - Flower VCE: Ray initialized with resources: {'node:__internal_head__': 1.0, 'CPU': 16.0, 'object_store_memory': 8848185753.0, 'accelerator_type:M4000': 1.0, 'node:10.40.177.142': 1.0, 'GPU': 1.0, 'memory': 17696371508.0}
[2025-02-15 15:19:01,944][flwr][INFO] - Optimize your simulation with Flower VCE: https://flower.ai/docs/framework/how-to-run-simulations.html
[2025-02-15 15:19:01,944][flwr][INFO] - Flower VCE: Resources for each Virtual Client: {'num_cpus': 2, 'num_gpus': 0.5}
[2025-02-15 15:19:01,961][flwr][INFO] - Flower VCE: Creating VirtualClientEngineActorPool with 2 actors
[2025-02-15 15:19:01,962][flwr][INFO] - [INIT]
[2025-02-15 15:19:01,962][flwr][INFO] - Requesting initial parameters from one random client
[2025-02-15 15:19:07,098][flwr][INFO] - Received initial parameters from one random client
[2025-02-15 15:19:07,098][flwr][INFO] - Starting evaluation of initial global parameters
[2025-02-15 15:19:07,442][flwr][INFO] - initial parameters (loss, other metrics): 4.81942343711853, {'accuracy': 0.5699481865284974}
[2025-02-15 15:19:07,442][flwr][INFO] - 
[2025-02-15 15:19:07,442][flwr][INFO] - [ROUND 1]
[2025-02-15 15:19:07,443][flwr][INFO] - Sampling failed: number of available clients (5) is less than number of requested clients (10).
[2025-02-15 15:19:07,443][flwr][INFO] - configure_fit: no clients selected, cancel
[2025-02-15 15:19:07,453][flwr][INFO] - fit progress: (1, 4.81942343711853, {'accuracy': 0.5699481865284974}, 0.01036961399950087)
[2025-02-15 15:19:07,453][flwr][INFO] - Sampling failed: number of available clients (5) is less than number of requested clients (25).
[2025-02-15 15:19:07,453][flwr][INFO] - configure_evaluate: no clients selected, skipping evaluation
[2025-02-15 15:19:07,453][flwr][INFO] - 
[2025-02-15 15:19:07,453][flwr][INFO] - [ROUND 2]
[2025-02-15 15:19:07,453][flwr][INFO] - Sampling failed: number of available clients (5) is less than number of requested clients (10).
[2025-02-15 15:19:07,454][flwr][INFO] - configure_fit: no clients selected, cancel
[2025-02-15 15:19:07,464][flwr][INFO] - fit progress: (2, 4.81942343711853, {'accuracy': 0.5699481865284974}, 0.02208300100028282)
[2025-02-15 15:19:07,465][flwr][INFO] - Sampling failed: number of available clients (5) is less than number of requested clients (25).
[2025-02-15 15:19:07,465][flwr][INFO] - configure_evaluate: no clients selected, skipping evaluation
[2025-02-15 15:19:07,465][flwr][INFO] - 
[2025-02-15 15:19:07,465][flwr][INFO] - [ROUND 3]
[2025-02-15 15:19:07,465][flwr][INFO] - Sampling failed: number of available clients (5) is less than number of requested clients (10).
[2025-02-15 15:19:07,465][flwr][INFO] - configure_fit: no clients selected, cancel
[2025-02-15 15:19:07,478][flwr][INFO] - fit progress: (3, 4.81942343711853, {'accuracy': 0.5699481865284974}, 0.03533669399985229)
[2025-02-15 15:19:07,478][flwr][INFO] - Sampling failed: number of available clients (5) is less than number of requested clients (25).
[2025-02-15 15:19:07,478][flwr][INFO] - configure_evaluate: no clients selected, skipping evaluation
[2025-02-15 15:19:07,478][flwr][INFO] - 
[2025-02-15 15:19:07,478][flwr][INFO] - [ROUND 4]
[2025-02-15 15:19:07,478][flwr][INFO] - Sampling failed: number of available clients (5) is less than number of requested clients (10).
[2025-02-15 15:19:07,479][flwr][INFO] - configure_fit: no clients selected, cancel
[2025-02-15 15:19:07,489][flwr][INFO] - fit progress: (4, 4.81942343711853, {'accuracy': 0.5699481865284974}, 0.04678715000045486)
[2025-02-15 15:19:07,489][flwr][INFO] - Sampling failed: number of available clients (5) is less than number of requested clients (25).
[2025-02-15 15:19:07,490][flwr][INFO] - configure_evaluate: no clients selected, skipping evaluation
[2025-02-15 15:19:07,490][flwr][INFO] - 
[2025-02-15 15:19:07,490][flwr][INFO] - [ROUND 5]
[2025-02-15 15:19:07,490][flwr][INFO] - Sampling failed: number of available clients (5) is less than number of requested clients (10).
[2025-02-15 15:19:07,490][flwr][INFO] - configure_fit: no clients selected, cancel
[2025-02-15 15:19:07,500][flwr][INFO] - fit progress: (5, 4.81942343711853, {'accuracy': 0.5699481865284974}, 0.05798430399954668)
[2025-02-15 15:19:07,501][flwr][INFO] - Sampling failed: number of available clients (5) is less than number of requested clients (25).
[2025-02-15 15:19:07,501][flwr][INFO] - configure_evaluate: no clients selected, skipping evaluation
[2025-02-15 15:19:07,501][flwr][INFO] - 
[2025-02-15 15:19:07,501][flwr][INFO] - [SUMMARY]
[2025-02-15 15:19:07,501][flwr][INFO] - Run finished 5 round(s) in 0.06s
[2025-02-15 15:19:07,501][flwr][INFO] - 	History (loss, centralized):
[2025-02-15 15:19:07,501][flwr][INFO] - 		round 0: 4.81942343711853
[2025-02-15 15:19:07,501][flwr][INFO] - 		round 1: 4.81942343711853
[2025-02-15 15:19:07,502][flwr][INFO] - 		round 2: 4.81942343711853
[2025-02-15 15:19:07,502][flwr][INFO] - 		round 3: 4.81942343711853
[2025-02-15 15:19:07,502][flwr][INFO] - 		round 4: 4.81942343711853
[2025-02-15 15:19:07,502][flwr][INFO] - 		round 5: 4.81942343711853
[2025-02-15 15:19:07,502][flwr][INFO] - 	History (metrics, centralized):
[2025-02-15 15:19:07,502][flwr][INFO] - 	{'accuracy': [(0, 0.5699481865284974),
[2025-02-15 15:19:07,502][flwr][INFO] - 	              (1, 0.5699481865284974),
[2025-02-15 15:19:07,502][flwr][INFO] - 	              (2, 0.5699481865284974),
[2025-02-15 15:19:07,502][flwr][INFO] - 	              (3, 0.5699481865284974),
[2025-02-15 15:19:07,502][flwr][INFO] - 	              (4, 0.5699481865284974),
[2025-02-15 15:19:07,502][flwr][INFO] - 	              (5, 0.5699481865284974)]}
[2025-02-15 15:19:07,502][flwr][INFO] - 
