[2025-02-18 15:53:33,914][flwr][WARNING] - 
Setting `min_available_clients` lower than `min_fit_clients` or
`min_evaluate_clients` can cause the server to fail when there are too few clients
connected to the server. `min_available_clients` must be set to a value larger
than or equal to the values of `min_fit_clients` and `min_evaluate_clients`.

[2025-02-18 15:53:33,915][flwr][INFO] - Starting Flower simulation, config: num_rounds=5, no round_timeout
[2025-02-18 15:53:37,847][flwr][INFO] - Flower VCE: Ray initialized with resources: {'CPU': 16.0, 'object_store_memory': 8829799219.0, 'node:__internal_head__': 1.0, 'memory': 17659598439.0, 'node:10.40.177.142': 1.0, 'accelerator_type:M4000': 1.0, 'GPU': 1.0}
[2025-02-18 15:53:37,847][flwr][INFO] - Optimize your simulation with Flower VCE: https://flower.ai/docs/framework/how-to-run-simulations.html
[2025-02-18 15:53:37,847][flwr][INFO] - Flower VCE: Resources for each Virtual Client: {'num_cpus': 2, 'num_gpus': 0.5}
[2025-02-18 15:53:37,862][flwr][INFO] - Flower VCE: Creating VirtualClientEngineActorPool with 2 actors
[2025-02-18 15:53:37,863][flwr][INFO] - [INIT]
[2025-02-18 15:53:37,863][flwr][INFO] - Requesting initial parameters from one random client
[2025-02-18 15:53:43,387][flwr][INFO] - Received initial parameters from one random client
[2025-02-18 15:53:43,387][flwr][INFO] - Starting evaluation of initial global parameters
[2025-02-18 15:53:43,686][flwr][INFO] - initial parameters (loss, other metrics): 4.759175479412079, {'accuracy': 0.5803108808290155}
[2025-02-18 15:53:43,686][flwr][INFO] - 
[2025-02-18 15:53:43,686][flwr][INFO] - [ROUND 1]
[2025-02-18 15:53:43,686][flwr][INFO] - Sampling failed: number of available clients (5) is less than number of requested clients (10).
[2025-02-18 15:53:43,687][flwr][INFO] - configure_fit: no clients selected, cancel
[2025-02-18 15:53:43,695][flwr][INFO] - fit progress: (1, 4.759175479412079, {'accuracy': 0.5803108808290155}, 0.009416597000381444)
[2025-02-18 15:53:43,695][flwr][INFO] - Sampling failed: number of available clients (5) is less than number of requested clients (25).
[2025-02-18 15:53:43,696][flwr][INFO] - configure_evaluate: no clients selected, skipping evaluation
[2025-02-18 15:53:43,696][flwr][INFO] - 
[2025-02-18 15:53:43,696][flwr][INFO] - [ROUND 2]
[2025-02-18 15:53:43,696][flwr][INFO] - Sampling failed: number of available clients (5) is less than number of requested clients (10).
[2025-02-18 15:53:43,696][flwr][INFO] - configure_fit: no clients selected, cancel
[2025-02-18 15:53:43,705][flwr][INFO] - fit progress: (2, 4.759175479412079, {'accuracy': 0.5803108808290155}, 0.019678963002661476)
[2025-02-18 15:53:43,706][flwr][INFO] - Sampling failed: number of available clients (5) is less than number of requested clients (25).
[2025-02-18 15:53:43,706][flwr][INFO] - configure_evaluate: no clients selected, skipping evaluation
[2025-02-18 15:53:43,706][flwr][INFO] - 
[2025-02-18 15:53:43,706][flwr][INFO] - [ROUND 3]
[2025-02-18 15:53:43,706][flwr][INFO] - Sampling failed: number of available clients (5) is less than number of requested clients (10).
[2025-02-18 15:53:43,706][flwr][INFO] - configure_fit: no clients selected, cancel
[2025-02-18 15:53:43,718][flwr][INFO] - fit progress: (3, 4.759175479412079, {'accuracy': 0.5803108808290155}, 0.032306586999766296)
[2025-02-18 15:53:43,718][flwr][INFO] - Sampling failed: number of available clients (5) is less than number of requested clients (25).
[2025-02-18 15:53:43,718][flwr][INFO] - configure_evaluate: no clients selected, skipping evaluation
[2025-02-18 15:53:43,719][flwr][INFO] - 
[2025-02-18 15:53:43,719][flwr][INFO] - [ROUND 4]
[2025-02-18 15:53:43,719][flwr][INFO] - Sampling failed: number of available clients (5) is less than number of requested clients (10).
[2025-02-18 15:53:43,719][flwr][INFO] - configure_fit: no clients selected, cancel
[2025-02-18 15:53:43,729][flwr][INFO] - fit progress: (4, 4.759175479412079, {'accuracy': 0.5803108808290155}, 0.04276847499932046)
[2025-02-18 15:53:43,729][flwr][INFO] - Sampling failed: number of available clients (5) is less than number of requested clients (25).
[2025-02-18 15:53:43,729][flwr][INFO] - configure_evaluate: no clients selected, skipping evaluation
[2025-02-18 15:53:43,729][flwr][INFO] - 
[2025-02-18 15:53:43,729][flwr][INFO] - [ROUND 5]
[2025-02-18 15:53:43,729][flwr][INFO] - Sampling failed: number of available clients (5) is less than number of requested clients (10).
[2025-02-18 15:53:43,729][flwr][INFO] - configure_fit: no clients selected, cancel
[2025-02-18 15:53:43,739][flwr][INFO] - fit progress: (5, 4.759175479412079, {'accuracy': 0.5803108808290155}, 0.05305376600153977)
[2025-02-18 15:53:43,739][flwr][INFO] - Sampling failed: number of available clients (5) is less than number of requested clients (25).
[2025-02-18 15:53:43,739][flwr][INFO] - configure_evaluate: no clients selected, skipping evaluation
[2025-02-18 15:53:43,739][flwr][INFO] - 
[2025-02-18 15:53:43,739][flwr][INFO] - [SUMMARY]
[2025-02-18 15:53:43,739][flwr][INFO] - Run finished 5 round(s) in 0.05s
[2025-02-18 15:53:43,740][flwr][INFO] - 	History (loss, centralized):
[2025-02-18 15:53:43,740][flwr][INFO] - 		round 0: 4.759175479412079
[2025-02-18 15:53:43,740][flwr][INFO] - 		round 1: 4.759175479412079
[2025-02-18 15:53:43,740][flwr][INFO] - 		round 2: 4.759175479412079
[2025-02-18 15:53:43,740][flwr][INFO] - 		round 3: 4.759175479412079
[2025-02-18 15:53:43,740][flwr][INFO] - 		round 4: 4.759175479412079
[2025-02-18 15:53:43,740][flwr][INFO] - 		round 5: 4.759175479412079
[2025-02-18 15:53:43,740][flwr][INFO] - 	History (metrics, centralized):
[2025-02-18 15:53:43,740][flwr][INFO] - 	{'accuracy': [(0, 0.5803108808290155),
[2025-02-18 15:53:43,741][flwr][INFO] - 	              (1, 0.5803108808290155),
[2025-02-18 15:53:43,741][flwr][INFO] - 	              (2, 0.5803108808290155),
[2025-02-18 15:53:43,741][flwr][INFO] - 	              (3, 0.5803108808290155),
[2025-02-18 15:53:43,741][flwr][INFO] - 	              (4, 0.5803108808290155),
[2025-02-18 15:53:43,741][flwr][INFO] - 	              (5, 0.5803108808290155)]}
[2025-02-18 15:53:43,741][flwr][INFO] - 
