[2025-02-18 16:00:19,766][flwr][WARNING] - 
Setting `min_available_clients` lower than `min_fit_clients` or
`min_evaluate_clients` can cause the server to fail when there are too few clients
connected to the server. `min_available_clients` must be set to a value larger
than or equal to the values of `min_fit_clients` and `min_evaluate_clients`.

[2025-02-18 16:00:19,767][flwr][INFO] - Starting Flower simulation, config: num_rounds=5, no round_timeout
[2025-02-18 16:00:22,820][flwr][INFO] - Flower VCE: Ray initialized with resources: {'object_store_memory': 8841669427.0, 'node:__internal_head__': 1.0, 'node:10.40.177.142': 1.0, 'GPU': 1.0, 'accelerator_type:M4000': 1.0, 'CPU': 16.0, 'memory': 17683338855.0}
[2025-02-18 16:00:22,821][flwr][INFO] - Optimize your simulation with Flower VCE: https://flower.ai/docs/framework/how-to-run-simulations.html
[2025-02-18 16:00:22,821][flwr][INFO] - Flower VCE: Resources for each Virtual Client: {'num_cpus': 2, 'num_gpus': 0.5}
[2025-02-18 16:00:22,837][flwr][INFO] - Flower VCE: Creating VirtualClientEngineActorPool with 2 actors
[2025-02-18 16:00:22,838][flwr][INFO] - [INIT]
[2025-02-18 16:00:22,838][flwr][INFO] - Requesting initial parameters from one random client
[2025-02-18 16:00:28,612][flwr][INFO] - Received initial parameters from one random client
[2025-02-18 16:00:28,612][flwr][INFO] - Starting evaluation of initial global parameters
[2025-02-18 16:00:28,950][flwr][INFO] - initial parameters (loss, other metrics): 4.849807441234589, {'accuracy': 0.5595854922279793, 'f1_score': 0.5633917074494037, 'recall': 0.5595854922279793, 'precision': 0.5674025681459789}
[2025-02-18 16:00:28,950][flwr][INFO] - 
[2025-02-18 16:00:28,951][flwr][INFO] - [ROUND 1]
[2025-02-18 16:00:28,951][flwr][INFO] - Sampling failed: number of available clients (5) is less than number of requested clients (10).
[2025-02-18 16:00:28,951][flwr][INFO] - configure_fit: no clients selected, cancel
[2025-02-18 16:00:28,971][flwr][INFO] - fit progress: (1, 4.849807441234589, {'accuracy': 0.5595854922279793, 'f1_score': 0.5633917074494037, 'recall': 0.5595854922279793, 'precision': 0.5674025681459789}, 0.02078600499953609)
[2025-02-18 16:00:28,971][flwr][INFO] - Sampling failed: number of available clients (5) is less than number of requested clients (25).
[2025-02-18 16:00:28,972][flwr][INFO] - configure_evaluate: no clients selected, skipping evaluation
[2025-02-18 16:00:28,972][flwr][INFO] - 
[2025-02-18 16:00:28,972][flwr][INFO] - [ROUND 2]
[2025-02-18 16:00:28,972][flwr][INFO] - Sampling failed: number of available clients (5) is less than number of requested clients (10).
[2025-02-18 16:00:28,972][flwr][INFO] - configure_fit: no clients selected, cancel
[2025-02-18 16:00:28,991][flwr][INFO] - fit progress: (2, 4.849807441234589, {'accuracy': 0.5595854922279793, 'f1_score': 0.5633917074494037, 'recall': 0.5595854922279793, 'precision': 0.5674025681459789}, 0.0411037710000528)
[2025-02-18 16:00:28,992][flwr][INFO] - Sampling failed: number of available clients (5) is less than number of requested clients (25).
[2025-02-18 16:00:28,992][flwr][INFO] - configure_evaluate: no clients selected, skipping evaluation
[2025-02-18 16:00:28,992][flwr][INFO] - 
[2025-02-18 16:00:28,992][flwr][INFO] - [ROUND 3]
[2025-02-18 16:00:28,993][flwr][INFO] - Sampling failed: number of available clients (5) is less than number of requested clients (10).
[2025-02-18 16:00:28,993][flwr][INFO] - configure_fit: no clients selected, cancel
[2025-02-18 16:00:29,015][flwr][INFO] - fit progress: (3, 4.849807441234589, {'accuracy': 0.5595854922279793, 'f1_score': 0.5633917074494037, 'recall': 0.5595854922279793, 'precision': 0.5674025681459789}, 0.06451834399922518)
[2025-02-18 16:00:29,015][flwr][INFO] - Sampling failed: number of available clients (5) is less than number of requested clients (25).
[2025-02-18 16:00:29,015][flwr][INFO] - configure_evaluate: no clients selected, skipping evaluation
[2025-02-18 16:00:29,015][flwr][INFO] - 
[2025-02-18 16:00:29,015][flwr][INFO] - [ROUND 4]
[2025-02-18 16:00:29,016][flwr][INFO] - Sampling failed: number of available clients (5) is less than number of requested clients (10).
[2025-02-18 16:00:29,016][flwr][INFO] - configure_fit: no clients selected, cancel
[2025-02-18 16:00:29,035][flwr][INFO] - fit progress: (4, 4.849807441234589, {'accuracy': 0.5595854922279793, 'f1_score': 0.5633917074494037, 'recall': 0.5595854922279793, 'precision': 0.5674025681459789}, 0.0846328049992735)
[2025-02-18 16:00:29,035][flwr][INFO] - Sampling failed: number of available clients (5) is less than number of requested clients (25).
[2025-02-18 16:00:29,035][flwr][INFO] - configure_evaluate: no clients selected, skipping evaluation
[2025-02-18 16:00:29,035][flwr][INFO] - 
[2025-02-18 16:00:29,036][flwr][INFO] - [ROUND 5]
[2025-02-18 16:00:29,036][flwr][INFO] - Sampling failed: number of available clients (5) is less than number of requested clients (10).
[2025-02-18 16:00:29,036][flwr][INFO] - configure_fit: no clients selected, cancel
[2025-02-18 16:00:29,054][flwr][INFO] - fit progress: (5, 4.849807441234589, {'accuracy': 0.5595854922279793, 'f1_score': 0.5633917074494037, 'recall': 0.5595854922279793, 'precision': 0.5674025681459789}, 0.1041372389991011)
[2025-02-18 16:00:29,055][flwr][INFO] - Sampling failed: number of available clients (5) is less than number of requested clients (25).
[2025-02-18 16:00:29,055][flwr][INFO] - configure_evaluate: no clients selected, skipping evaluation
[2025-02-18 16:00:29,055][flwr][INFO] - 
[2025-02-18 16:00:29,055][flwr][INFO] - [SUMMARY]
[2025-02-18 16:00:29,055][flwr][INFO] - Run finished 5 round(s) in 0.10s
[2025-02-18 16:00:29,056][flwr][INFO] - 	History (loss, centralized):
[2025-02-18 16:00:29,056][flwr][INFO] - 		round 0: 4.849807441234589
[2025-02-18 16:00:29,056][flwr][INFO] - 		round 1: 4.849807441234589
[2025-02-18 16:00:29,056][flwr][INFO] - 		round 2: 4.849807441234589
[2025-02-18 16:00:29,056][flwr][INFO] - 		round 3: 4.849807441234589
[2025-02-18 16:00:29,056][flwr][INFO] - 		round 4: 4.849807441234589
[2025-02-18 16:00:29,056][flwr][INFO] - 		round 5: 4.849807441234589
[2025-02-18 16:00:29,057][flwr][INFO] - 	History (metrics, centralized):
[2025-02-18 16:00:29,057][flwr][INFO] - 	{'accuracy': [(0, 0.5595854922279793),
[2025-02-18 16:00:29,057][flwr][INFO] - 	              (1, 0.5595854922279793),
[2025-02-18 16:00:29,057][flwr][INFO] - 	              (2, 0.5595854922279793),
[2025-02-18 16:00:29,057][flwr][INFO] - 	              (3, 0.5595854922279793),
[2025-02-18 16:00:29,057][flwr][INFO] - 	              (4, 0.5595854922279793),
[2025-02-18 16:00:29,057][flwr][INFO] - 	              (5, 0.5595854922279793)],
[2025-02-18 16:00:29,057][flwr][INFO] - 	 'f1_score': [(0, 0.5633917074494037),
[2025-02-18 16:00:29,057][flwr][INFO] - 	              (1, 0.5633917074494037),
[2025-02-18 16:00:29,057][flwr][INFO] - 	              (2, 0.5633917074494037),
[2025-02-18 16:00:29,057][flwr][INFO] - 	              (3, 0.5633917074494037),
[2025-02-18 16:00:29,058][flwr][INFO] - 	              (4, 0.5633917074494037),
[2025-02-18 16:00:29,058][flwr][INFO] - 	              (5, 0.5633917074494037)],
[2025-02-18 16:00:29,058][flwr][INFO] - 	 'precision': [(0, 0.5674025681459789),
[2025-02-18 16:00:29,058][flwr][INFO] - 	               (1, 0.5674025681459789),
[2025-02-18 16:00:29,058][flwr][INFO] - 	               (2, 0.5674025681459789),
[2025-02-18 16:00:29,058][flwr][INFO] - 	               (3, 0.5674025681459789),
[2025-02-18 16:00:29,058][flwr][INFO] - 	               (4, 0.5674025681459789),
[2025-02-18 16:00:29,058][flwr][INFO] - 	               (5, 0.5674025681459789)],
[2025-02-18 16:00:29,058][flwr][INFO] - 	 'recall': [(0, 0.5595854922279793),
[2025-02-18 16:00:29,058][flwr][INFO] - 	            (1, 0.5595854922279793),
[2025-02-18 16:00:29,058][flwr][INFO] - 	            (2, 0.5595854922279793),
[2025-02-18 16:00:29,058][flwr][INFO] - 	            (3, 0.5595854922279793),
[2025-02-18 16:00:29,059][flwr][INFO] - 	            (4, 0.5595854922279793),
[2025-02-18 16:00:29,059][flwr][INFO] - 	            (5, 0.5595854922279793)]}
[2025-02-18 16:00:29,059][flwr][INFO] - 
