[2025-02-15 15:36:33,409][flwr][WARNING] - 
Setting `min_available_clients` lower than `min_fit_clients` or
`min_evaluate_clients` can cause the server to fail when there are too few clients
connected to the server. `min_available_clients` must be set to a value larger
than or equal to the values of `min_fit_clients` and `min_evaluate_clients`.

[2025-02-15 15:36:33,410][flwr][INFO] - Starting Flower simulation, config: num_rounds=5, no round_timeout
[2025-02-15 15:36:37,323][flwr][INFO] - Flower VCE: Ray initialized with resources: {'node:__internal_head__': 1.0, 'object_store_memory': 8806582272.0, 'CPU': 16.0, 'accelerator_type:M4000': 1.0, 'GPU': 1.0, 'node:10.40.177.142': 1.0, 'memory': 17613164544.0}
[2025-02-15 15:36:37,324][flwr][INFO] - Optimize your simulation with Flower VCE: https://flower.ai/docs/framework/how-to-run-simulations.html
[2025-02-15 15:36:37,324][flwr][INFO] - Flower VCE: Resources for each Virtual Client: {'num_cpus': 2, 'num_gpus': 0.5}
[2025-02-15 15:36:37,340][flwr][INFO] - Flower VCE: Creating VirtualClientEngineActorPool with 2 actors
[2025-02-15 15:36:37,341][flwr][INFO] - [INIT]
[2025-02-15 15:36:37,341][flwr][INFO] - Requesting initial parameters from one random client
[2025-02-15 15:36:42,820][flwr][INFO] - Received initial parameters from one random client
[2025-02-15 15:36:42,821][flwr][INFO] - Starting evaluation of initial global parameters
[2025-02-15 15:36:43,157][flwr][INFO] - initial parameters (loss, other metrics): 5.047221899032593, {'accuracy': 0.36787564766839376}
[2025-02-15 15:36:43,157][flwr][INFO] - 
[2025-02-15 15:36:43,157][flwr][INFO] - [ROUND 1]
[2025-02-15 15:36:43,158][flwr][INFO] - Sampling failed: number of available clients (5) is less than number of requested clients (10).
[2025-02-15 15:36:43,158][flwr][INFO] - configure_fit: no clients selected, cancel
[2025-02-15 15:36:43,169][flwr][INFO] - fit progress: (1, 5.047221899032593, {'accuracy': 0.36787564766839376}, 0.011743437997211004)
[2025-02-15 15:36:43,169][flwr][INFO] - Sampling failed: number of available clients (5) is less than number of requested clients (25).
[2025-02-15 15:36:43,169][flwr][INFO] - configure_evaluate: no clients selected, skipping evaluation
[2025-02-15 15:36:43,169][flwr][INFO] - 
[2025-02-15 15:36:43,170][flwr][INFO] - [ROUND 2]
[2025-02-15 15:36:43,170][flwr][INFO] - Sampling failed: number of available clients (5) is less than number of requested clients (10).
[2025-02-15 15:36:43,170][flwr][INFO] - configure_fit: no clients selected, cancel
[2025-02-15 15:36:43,181][flwr][INFO] - fit progress: (2, 5.047221899032593, {'accuracy': 0.36787564766839376}, 0.02362794099826715)
[2025-02-15 15:36:43,181][flwr][INFO] - Sampling failed: number of available clients (5) is less than number of requested clients (25).
[2025-02-15 15:36:43,181][flwr][INFO] - configure_evaluate: no clients selected, skipping evaluation
[2025-02-15 15:36:43,181][flwr][INFO] - 
[2025-02-15 15:36:43,181][flwr][INFO] - [ROUND 3]
[2025-02-15 15:36:43,182][flwr][INFO] - Sampling failed: number of available clients (5) is less than number of requested clients (10).
[2025-02-15 15:36:43,182][flwr][INFO] - configure_fit: no clients selected, cancel
[2025-02-15 15:36:43,195][flwr][INFO] - fit progress: (3, 5.047221899032593, {'accuracy': 0.36787564766839376}, 0.037503878000279656)
[2025-02-15 15:36:43,195][flwr][INFO] - Sampling failed: number of available clients (5) is less than number of requested clients (25).
[2025-02-15 15:36:43,195][flwr][INFO] - configure_evaluate: no clients selected, skipping evaluation
[2025-02-15 15:36:43,195][flwr][INFO] - 
[2025-02-15 15:36:43,195][flwr][INFO] - [ROUND 4]
[2025-02-15 15:36:43,196][flwr][INFO] - Sampling failed: number of available clients (5) is less than number of requested clients (10).
[2025-02-15 15:36:43,196][flwr][INFO] - configure_fit: no clients selected, cancel
[2025-02-15 15:36:43,207][flwr][INFO] - fit progress: (4, 5.047221899032593, {'accuracy': 0.36787564766839376}, 0.04950861199904466)
[2025-02-15 15:36:43,207][flwr][INFO] - Sampling failed: number of available clients (5) is less than number of requested clients (25).
[2025-02-15 15:36:43,207][flwr][INFO] - configure_evaluate: no clients selected, skipping evaluation
[2025-02-15 15:36:43,207][flwr][INFO] - 
[2025-02-15 15:36:43,207][flwr][INFO] - [ROUND 5]
[2025-02-15 15:36:43,208][flwr][INFO] - Sampling failed: number of available clients (5) is less than number of requested clients (10).
[2025-02-15 15:36:43,208][flwr][INFO] - configure_fit: no clients selected, cancel
[2025-02-15 15:36:43,218][flwr][INFO] - fit progress: (5, 5.047221899032593, {'accuracy': 0.36787564766839376}, 0.0609702589972585)
[2025-02-15 15:36:43,218][flwr][INFO] - Sampling failed: number of available clients (5) is less than number of requested clients (25).
[2025-02-15 15:36:43,219][flwr][INFO] - configure_evaluate: no clients selected, skipping evaluation
[2025-02-15 15:36:43,219][flwr][INFO] - 
[2025-02-15 15:36:43,219][flwr][INFO] - [SUMMARY]
[2025-02-15 15:36:43,219][flwr][INFO] - Run finished 5 round(s) in 0.06s
[2025-02-15 15:36:43,219][flwr][INFO] - 	History (loss, centralized):
[2025-02-15 15:36:43,219][flwr][INFO] - 		round 0: 5.047221899032593
[2025-02-15 15:36:43,219][flwr][INFO] - 		round 1: 5.047221899032593
[2025-02-15 15:36:43,219][flwr][INFO] - 		round 2: 5.047221899032593
[2025-02-15 15:36:43,220][flwr][INFO] - 		round 3: 5.047221899032593
[2025-02-15 15:36:43,220][flwr][INFO] - 		round 4: 5.047221899032593
[2025-02-15 15:36:43,220][flwr][INFO] - 		round 5: 5.047221899032593
[2025-02-15 15:36:43,220][flwr][INFO] - 	History (metrics, centralized):
[2025-02-15 15:36:43,220][flwr][INFO] - 	{'accuracy': [(0, 0.36787564766839376),
[2025-02-15 15:36:43,220][flwr][INFO] - 	              (1, 0.36787564766839376),
[2025-02-15 15:36:43,220][flwr][INFO] - 	              (2, 0.36787564766839376),
[2025-02-15 15:36:43,220][flwr][INFO] - 	              (3, 0.36787564766839376),
[2025-02-15 15:36:43,220][flwr][INFO] - 	              (4, 0.36787564766839376),
[2025-02-15 15:36:43,220][flwr][INFO] - 	              (5, 0.36787564766839376)]}
[2025-02-15 15:36:43,220][flwr][INFO] - 
